<?xml version="1.0" encoding="UTF-8"?>
<!-- Generated by org.testng.reporters.JUnitXMLReporter -->
<testsuite hostname="SagarSriram" ignored="0" name="Scenario1" tests="8" failures="1" timestamp="2021-06-06T18:48:12 IST" time="27.226" errors="0">
  <testcase name="launchBrowser" time="2.184" classname="com.sgtesting.assignmentTestNG.AsignmtProgramTestNG1"/>
  <testcase name="navigate" time="2.889" classname="com.sgtesting.assignmentTestNG.AsignmtProgramTestNG1">
    <failure type="java.lang.AssertionError" message="browser opened the execution cotinues expected [true] but found [false]">
      <![CDATA[java.lang.AssertionError: browser opened the execution cotinues expected [true] but found [false]
at com.sgtesting.assignmentTestNG.AsignmtProgramTestNG1.navigate(AsignmtProgramTestNG1.java:46)
at java.util.ArrayList.forEach(Unknown Source)
... Removed 30 stack frames]]>
    </failure>
  </testcase> <!-- navigate -->
  <testcase name="login" time="4.304" classname="com.sgtesting.assignmentTestNG.AsignmtProgramTestNG1"/>
  <testcase name="minimizeFlyOutWindow" time="1.14" classname="com.sgtesting.assignmentTestNG.AsignmtProgramTestNG1"/>
  <testcase name="createUser" time="8.845" classname="com.sgtesting.assignmentTestNG.AsignmtProgramTestNG1"/>
  <testcase name="deleteUser" time="7.27" classname="com.sgtesting.assignmentTestNG.AsignmtProgramTestNG1"/>
  <testcase name="logout" time="0.354" classname="com.sgtesting.assignmentTestNG.AsignmtProgramTestNG1"/>
  <testcase name="closeBrowser" time="0.185" classname="com.sgtesting.assignmentTestNG.AsignmtProgramTestNG1"/>
</testsuite> <!-- Scenario1 -->
