<?xml version="1.0" encoding="UTF-8"?>
<testng-results skipped="0" failed="2" ignored="0" total="8" passed="6">
  <reporter-output>
  </reporter-output>
  <suite name="Default suite" duration-ms="11921" started-at="2021-06-05T17:05:18 IST" finished-at="2021-06-05T17:05:30 IST">
    <groups>
    </groups>
    <test name="Default test" duration-ms="11921" started-at="2021-06-05T17:05:18 IST" finished-at="2021-06-05T17:05:30 IST">
      <class name="com.sgtesting.assignmentTestNG.AsignmtProgramTestNG1">
        <test-method status="PASS" signature="launchBrowser()[pri:1, instance:com.sgtesting.assignmentTestNG.AsignmtProgramTestNG1@5bfbf16f]" name="launchBrowser" duration-ms="3279" started-at="2021-06-05T17:05:18 IST" finished-at="2021-06-05T17:05:22 IST">
          <reporter-output>
          </reporter-output>
        </test-method> <!-- launchBrowser -->
        <test-method status="FAIL" signature="navigate()[pri:2, instance:com.sgtesting.assignmentTestNG.AsignmtProgramTestNG1@5bfbf16f]" name="navigate" duration-ms="3031" started-at="2021-06-05T17:05:22 IST" finished-at="2021-06-05T17:05:25 IST">
          <exception class="java.lang.AssertionError">
            <message>
              <![CDATA[browser opened the execution cotinues expected [true] but found [false]]]>
            </message>
            <full-stacktrace>
              <![CDATA[java.lang.AssertionError: browser opened the execution cotinues expected [true] but found [false]
at org.testng.Assert.fail(Assert.java:99)
at org.testng.Assert.failNotEquals(Assert.java:1037)
at org.testng.Assert.assertTrue(Assert.java:45)
at com.sgtesting.assignmentTestNG.AsignmtProgramTestNG1.navigate(AsignmtProgramTestNG1.java:46)
at sun.reflect.NativeMethodAccessorImpl.invoke0(Native Method)
at sun.reflect.NativeMethodAccessorImpl.invoke(Unknown Source)
at sun.reflect.DelegatingMethodAccessorImpl.invoke(Unknown Source)
at java.lang.reflect.Method.invoke(Unknown Source)
at org.testng.internal.MethodInvocationHelper.invokeMethod(MethodInvocationHelper.java:133)
at org.testng.internal.TestInvoker.invokeMethod(TestInvoker.java:598)
at org.testng.internal.TestInvoker.invokeTestMethod(TestInvoker.java:173)
at org.testng.internal.MethodRunner.runInSequence(MethodRunner.java:46)
at org.testng.internal.TestInvoker$MethodInvocationAgent.invoke(TestInvoker.java:824)
at org.testng.internal.TestInvoker.invokeTestMethods(TestInvoker.java:146)
at org.testng.internal.TestMethodWorker.invokeTestMethods(TestMethodWorker.java:146)
at org.testng.internal.TestMethodWorker.run(TestMethodWorker.java:128)
at java.util.ArrayList.forEach(Unknown Source)
at org.testng.TestRunner.privateRun(TestRunner.java:794)
at org.testng.TestRunner.run(TestRunner.java:596)
at org.testng.SuiteRunner.runTest(SuiteRunner.java:377)
at org.testng.SuiteRunner.runSequentially(SuiteRunner.java:371)
at org.testng.SuiteRunner.privateRun(SuiteRunner.java:332)
at org.testng.SuiteRunner.run(SuiteRunner.java:276)
at org.testng.SuiteRunnerWorker.runSuite(SuiteRunnerWorker.java:53)
at org.testng.SuiteRunnerWorker.run(SuiteRunnerWorker.java:96)
at org.testng.TestNG.runSuitesSequentially(TestNG.java:1212)
at org.testng.TestNG.runSuitesLocally(TestNG.java:1134)
at org.testng.TestNG.runSuites(TestNG.java:1063)
at org.testng.TestNG.run(TestNG.java:1031)
at org.testng.remote.AbstractRemoteTestNG.run(AbstractRemoteTestNG.java:115)
at org.testng.remote.RemoteTestNG.initAndRun(RemoteTestNG.java:251)
at org.testng.remote.RemoteTestNG.main(RemoteTestNG.java:77)
]]>
            </full-stacktrace>
          </exception> <!-- java.lang.AssertionError -->
          <reporter-output>
          </reporter-output>
        </test-method> <!-- navigate -->
        <test-method status="FAIL" signature="login()[pri:3, instance:com.sgtesting.assignmentTestNG.AsignmtProgramTestNG1@5bfbf16f]" name="login" duration-ms="1085" started-at="2021-06-05T17:05:25 IST" finished-at="2021-06-05T17:05:26 IST">
          <exception class="java.lang.AssertionError">
            <message>
              <![CDATA[expected [asd] but found [[[ChromeDriver: chrome on WINDOWS (3cbbfaa9f39fc31ee197afb38b987387)] -> id: username]]]]>
            </message>
            <full-stacktrace>
              <![CDATA[java.lang.AssertionError: expected [asd] but found [[[ChromeDriver: chrome on WINDOWS (3cbbfaa9f39fc31ee197afb38b987387)] -> id: username]]
at org.testng.Assert.fail(Assert.java:99)
at org.testng.Assert.failNotEquals(Assert.java:1037)
at org.testng.Assert.assertEqualsImpl(Assert.java:140)
at org.testng.Assert.assertEquals(Assert.java:122)
at org.testng.Assert.assertEquals(Assert.java:617)
at com.sgtesting.assignmentTestNG.AsignmtProgramTestNG1.login(AsignmtProgramTestNG1.java:63)
at sun.reflect.NativeMethodAccessorImpl.invoke0(Native Method)
at sun.reflect.NativeMethodAccessorImpl.invoke(Unknown Source)
at sun.reflect.DelegatingMethodAccessorImpl.invoke(Unknown Source)
at java.lang.reflect.Method.invoke(Unknown Source)
at org.testng.internal.MethodInvocationHelper.invokeMethod(MethodInvocationHelper.java:133)
at org.testng.internal.TestInvoker.invokeMethod(TestInvoker.java:598)
at org.testng.internal.TestInvoker.invokeTestMethod(TestInvoker.java:173)
at org.testng.internal.MethodRunner.runInSequence(MethodRunner.java:46)
at org.testng.internal.TestInvoker$MethodInvocationAgent.invoke(TestInvoker.java:824)
at org.testng.internal.TestInvoker.invokeTestMethods(TestInvoker.java:146)
at org.testng.internal.TestMethodWorker.invokeTestMethods(TestMethodWorker.java:146)
at org.testng.internal.TestMethodWorker.run(TestMethodWorker.java:128)
at java.util.ArrayList.forEach(Unknown Source)
at org.testng.TestRunner.privateRun(TestRunner.java:794)
at org.testng.TestRunner.run(TestRunner.java:596)
at org.testng.SuiteRunner.runTest(SuiteRunner.java:377)
at org.testng.SuiteRunner.runSequentially(SuiteRunner.java:371)
at org.testng.SuiteRunner.privateRun(SuiteRunner.java:332)
at org.testng.SuiteRunner.run(SuiteRunner.java:276)
at org.testng.SuiteRunnerWorker.runSuite(SuiteRunnerWorker.java:53)
at org.testng.SuiteRunnerWorker.run(SuiteRunnerWorker.java:96)
at org.testng.TestNG.runSuitesSequentially(TestNG.java:1212)
at org.testng.TestNG.runSuitesLocally(TestNG.java:1134)
at org.testng.TestNG.runSuites(TestNG.java:1063)
at org.testng.TestNG.run(TestNG.java:1031)
at org.testng.remote.AbstractRemoteTestNG.run(AbstractRemoteTestNG.java:115)
at org.testng.remote.RemoteTestNG.initAndRun(RemoteTestNG.java:251)
at org.testng.remote.RemoteTestNG.main(RemoteTestNG.java:77)
]]>
            </full-stacktrace>
          </exception> <!-- java.lang.AssertionError -->
          <reporter-output>
          </reporter-output>
        </test-method> <!-- login -->
        <test-method status="PASS" signature="minimizeFlyOutWindow()[pri:4, instance:com.sgtesting.assignmentTestNG.AsignmtProgramTestNG1@5bfbf16f]" name="minimizeFlyOutWindow" duration-ms="154" started-at="2021-06-05T17:05:26 IST" finished-at="2021-06-05T17:05:26 IST">
          <reporter-output>
          </reporter-output>
        </test-method> <!-- minimizeFlyOutWindow -->
        <test-method status="PASS" signature="createUser()[pri:5, instance:com.sgtesting.assignmentTestNG.AsignmtProgramTestNG1@5bfbf16f]" name="createUser" duration-ms="69" started-at="2021-06-05T17:05:26 IST" finished-at="2021-06-05T17:05:26 IST">
          <reporter-output>
          </reporter-output>
        </test-method> <!-- createUser -->
        <test-method status="PASS" signature="deleteUser()[pri:6, instance:com.sgtesting.assignmentTestNG.AsignmtProgramTestNG1@5bfbf16f]" name="deleteUser" duration-ms="60" started-at="2021-06-05T17:05:26 IST" finished-at="2021-06-05T17:05:26 IST">
          <reporter-output>
          </reporter-output>
        </test-method> <!-- deleteUser -->
        <test-method status="PASS" signature="logout()[pri:7, instance:com.sgtesting.assignmentTestNG.AsignmtProgramTestNG1@5bfbf16f]" name="logout" duration-ms="56" started-at="2021-06-05T17:05:26 IST" finished-at="2021-06-05T17:05:26 IST">
          <reporter-output>
          </reporter-output>
        </test-method> <!-- logout -->
        <test-method status="PASS" signature="closeBrowser()[pri:8, instance:com.sgtesting.assignmentTestNG.AsignmtProgramTestNG1@5bfbf16f]" name="closeBrowser" duration-ms="4120" started-at="2021-06-05T17:05:26 IST" finished-at="2021-06-05T17:05:30 IST">
          <reporter-output>
          </reporter-output>
        </test-method> <!-- closeBrowser -->
      </class> <!-- com.sgtesting.assignmentTestNG.AsignmtProgramTestNG1 -->
    </test> <!-- Default test -->
  </suite> <!-- Default suite -->
</testng-results>
